# JRE version: OpenJDK Runtime Environment Temurin-17.0.8.1+1 (17.0.8.1+1) (build 17.0.8.1+1)
# Java VM: OpenJDK 64-Bit Server VM Temurin-17.0.8.1+1 (17.0.8.1+1, mixed mode, emulated-client, tiered, compressed oops, compressed class ptrs, g1 gc, windows-amd64)
GC Precious Log:
 CPUs: 8 total, 8 available
 Memory: 8075M
 Large Page Support: Disabled
 NUMA Support: Disabled
 Compressed Oops: Enabled (32-bit)
 Heap Region Size: 1M
 Heap Min Capacity: 8M
 Heap Initial Capacity: 128M
 Heap Max Capacity: 1G
 Pre-touch: Disabled
 Parallel Workers: 8
 Concurrent Workers: 2
 Concurrent Refinement Workers: 8
 Periodic GC: Disabled
Heap:
 garbage-first heap   total 55296K, used 18059K [0x00000000c0000000, 0x0000000100000000)
  region size 1024K, 1 young (1024K), 0 survivors (0K)
 Metaspace       used 38758K, committed 39232K, reserved 1114112K
  class space    used 5143K, committed 5376K, reserved 1048576K
GC Heap History (20 events):
Event: 59015.431 GC heap before
{Heap before GC invocations=986 (full 779):
 garbage-first heap   total 55296K, used 18059K [0x00000000c0000000, 0x0000000100000000)
  region size 1024K, 1 young (1024K), 0 survivors (0K)
 Metaspace       used 38758K, committed 39232K, reserved 1114112K
  class space    used 5143K, committed 5376K, reserved 1048576K
}
Event: 59015.456 GC heap after
{Heap after GC invocations=987 (full 780):
 garbage-first heap   total 55296K, used 18059K [0x00000000c0000000, 0x0000000100000000)
  region size 1024K, 0 young (0K), 0 survivors (0K)
 Metaspace       used 38758K, committed 39232K, reserved 1114112K
  class space    used 5143K, committed 5376K, reserved 1048576K
}
Event: 59025.623 GC heap before
{Heap before GC invocations=987 (full 780):
 garbage-first heap   total 55296K, used 18059K [0x00000000c0000000, 0x0000000100000000)
  region size 1024K, 1 young (1024K), 0 survivors (0K)
 Metaspace       used 38758K, committed 39232K, reserved 1114112K
  class space    used 5143K, committed 5376K, reserved 1048576K
}
Event: 59025.647 GC heap after
{Heap after GC invocations=988 (full 781):
 garbage-first heap   total 55296K, used 18059K [0x00000000c0000000, 0x0000000100000000)
  region size 1024K, 0 young (0K), 0 survivors (0K)
 Metaspace       used 38758K, committed 39232K, reserved 1114112K
  class space    used 5143K, committed 5376K, reserved 1048576K
}
Event: 59035.814 GC heap before
{Heap before GC invocations=988 (full 781):
 garbage-first heap   total 55296K, used 18059K [0x00000000c0000000, 0x0000000100000000)
  region size 1024K, 1 young (1024K), 0 survivors (0K)
 Metaspace       used 38758K, committed 39232K, reserved 1114112K
  class space    used 5143K, committed 5376K, reserved 1048576K
}
Event: 59035.838 GC heap after
{Heap after GC invocations=989 (full 782):
 garbage-first heap   total 55296K, used 18059K [0x00000000c0000000, 0x0000000100000000)
  region size 1024K, 0 young (0K), 0 survivors (0K)
 Metaspace       used 38758K, committed 39232K, reserved 1114112K
  class space    used 5143K, committed 5376K, reserved 1048576K
}
Event: 59046.006 GC heap before
{Heap before GC invocations=989 (full 782):
 garbage-first heap   total 55296K, used 18059K [0x00000000c0000000, 0x0000000100000000)
  region size 1024K, 1 young (1024K), 0 survivors (0K)
 Metaspace       used 38758K, committed 39232K, reserved 1114112K
  class space    used 5143K, committed 5376K, reserved 1048576K
}
Event: 59046.031 GC heap after
{Heap after GC invocations=990 (full 783):
 garbage-first heap   total 55296K, used 18059K [0x00000000c0000000, 0x0000000100000000)
  region size 1024K, 0 young (0K), 0 survivors (0K)
 Metaspace       used 38758K, committed 39232K, reserved 1114112K
  class space    used 5143K, committed 5376K, reserved 1048576K
}
Event: 59056.197 GC heap before
{Heap before GC invocations=990 (full 783):
 garbage-first heap   total 55296K, used 18059K [0x00000000c0000000, 0x0000000100000000)
  region size 1024K, 1 young (1024K), 0 survivors (0K)
 Metaspace       used 38758K, committed 39232K, reserved 1114112K
  class space    used 5143K, committed 5376K, reserved 1048576K
}
Event: 59056.221 GC heap after
{Heap after GC invocations=991 (full 784):
 garbage-first heap   total 55296K, used 18059K [0x00000000c0000000, 0x0000000100000000)
  region size 1024K, 0 young (0K), 0 survivors (0K)
 Metaspace       used 38758K, committed 39232K, reserved 1114112K
  class space    used 5143K, committed 5376K, reserved 1048576K
}
Event: 59066.467 GC heap before
{Heap before GC invocations=991 (full 784):
 garbage-first heap   total 55296K, used 18059K [0x00000000c0000000, 0x0000000100000000)
  region size 1024K, 1 young (1024K), 0 survivors (0K)
 Metaspace       used 38758K, committed 39232K, reserved 1114112K
  class space    used 5143K, committed 5376K, reserved 1048576K
}
Event: 59066.491 GC heap after
{Heap after GC invocations=992 (full 785):
 garbage-first heap   total 55296K, used 18059K [0x00000000c0000000, 0x0000000100000000)
  region size 1024K, 0 young (0K), 0 survivors (0K)
 Metaspace       used 38758K, committed 39232K, reserved 1114112K
  class space    used 5143K, committed 5376K, reserved 1048576K
}
Event: 59076.669 GC heap before
{Heap before GC invocations=992 (full 785):
 garbage-first heap   total 55296K, used 18059K [0x00000000c0000000, 0x0000000100000000)
  region size 1024K, 1 young (1024K), 0 survivors (0K)
 Metaspace       used 38758K, committed 39232K, reserved 1114112K
  class space    used 5143K, committed 5376K, reserved 1048576K
}
Event: 59076.694 GC heap after
{Heap after GC invocations=993 (full 786):
 garbage-first heap   total 55296K, used 18059K [0x00000000c0000000, 0x0000000100000000)
  region size 1024K, 0 young (0K), 0 survivors (0K)
 Metaspace       used 38758K, committed 39232K, reserved 1114112K
  class space    used 5143K, committed 5376K, reserved 1048576K
}
Event: 59086.863 GC heap before
{Heap before GC invocations=993 (full 786):
 garbage-first heap   total 55296K, used 18059K [0x00000000c0000000, 0x0000000100000000)
  region size 1024K, 1 young (1024K), 0 survivors (0K)
 Metaspace       used 38758K, committed 39232K, reserved 1114112K
  class space    used 5143K, committed 5376K, reserved 1048576K
}
Event: 59086.886 GC heap after
{Heap after GC invocations=994 (full 787):
 garbage-first heap   total 55296K, used 18059K [0x00000000c0000000, 0x0000000100000000)
  region size 1024K, 0 young (0K), 0 survivors (0K)
 Metaspace       used 38758K, committed 39232K, reserved 1114112K
  class space    used 5143K, committed 5376K, reserved 1048576K
}
Event: 59097.057 GC heap before
{Heap before GC invocations=994 (full 787):
 garbage-first heap   total 55296K, used 18059K [0x00000000c0000000, 0x0000000100000000)
  region size 1024K, 1 young (1024K), 0 survivors (0K)
 Metaspace       used 38758K, committed 39232K, reserved 1114112K
  class space    used 5143K, committed 5376K, reserved 1048576K
}
Event: 59097.081 GC heap after
{Heap after GC invocations=995 (full 788):
 garbage-first heap   total 55296K, used 18059K [0x00000000c0000000, 0x0000000100000000)
  region size 1024K, 0 young (0K), 0 survivors (0K)
 Metaspace       used 38758K, committed 39232K, reserved 1114112K
  class space    used 5143K, committed 5376K, reserved 1048576K
}
Event: 59107.253 GC heap before
{Heap before GC invocations=995 (full 788):
 garbage-first heap   total 55296K, used 18059K [0x00000000c0000000, 0x0000000100000000)
  region size 1024K, 1 young (1024K), 0 survivors (0K)
 Metaspace       used 38758K, committed 39232K, reserved 1114112K
  class space    used 5143K, committed 5376K, reserved 1048576K
}
Event: 59107.285 GC heap after
{Heap after GC invocations=996 (full 789):
 garbage-first heap   total 55296K, used 18059K [0x00000000c0000000, 0x0000000100000000)
  region size 1024K, 0 young (0K), 0 survivors (0K)
 Metaspace       used 38758K, committed 39232K, reserved 1114112K
  class space    used 5143K, committed 5376K, reserved 1048576K
}

